<?xml version="1.0" encoding="UTF-8"?>
<!-- Generated by org.testng.reporters.JUnitXMLReporter -->
<testsuite ignored="0" hostname="sf-cpu-558" failures="0" tests="3" name="Alearts_test" time="11.677" errors="0" timestamp="2023-09-06T18:31:07 IST">
  <testcase classname="toolsqa_tests.Alearts_test" name="ClickOnAlert" time="0.106"/>
  <testcase classname="toolsqa_tests.Alearts_test" name="ClickOnSeealert" time="5.226"/>
  <testcase classname="toolsqa_tests.Alearts_test" name="ClickOnConfirmalert" time="0.144"/>
</testsuite> <!-- Alearts_test -->
