<?xml version="1.0" encoding="UTF-8"?>
<!-- Generated by org.testng.reporters.JUnitXMLReporter -->
<testsuite ignored="0" hostname="sf-cpu-558" failures="0" tests="3" name="BrowserWindows_test" time="7.141" errors="0" timestamp="2023-09-11T16:44:13 IST">
  <testcase classname="toolsqa_tests.BrowserWindows_test" name="ClickOnAlert" time="0.117"/>
  <testcase classname="toolsqa_tests.BrowserWindows_test" name="ClickOnNewTab" time="0.328"/>
  <testcase classname="toolsqa_tests.BrowserWindows_test" name="ClickOnWindow" time="0.572"/>
</testsuite> <!-- BrowserWindows_test -->
