<?xml version="1.0" encoding="UTF-8"?>
<!-- Generated by org.testng.reporters.JUnitXMLReporter -->
<testsuite ignored="0" hostname="sf-cpu-558" failures="0" tests="3" name="UploadDownload_test" time="7.206" errors="0" timestamp="2023-09-05T12:43:34 IST">
  <testcase classname="toolsqa_tests.UploadDownload_test" name="ClickonElementbtn" time="0.124"/>
  <testcase classname="toolsqa_tests.UploadDownload_test" name="ClickonDownload" time="0.029"/>
  <testcase classname="toolsqa_tests.UploadDownload_test" name="Clickonuploadbtn" time="0.03"/>
</testsuite> <!-- UploadDownload_test -->
